0 info it worked if it ends with ok
1 verbose cli [ '/Users/xtong/.nvm/versions/node/v4.4.5/bin/node',
1 verbose cli   '/Users/xtong/.nvm/versions/node/v4.4.5/bin/npm',
1 verbose cli   'run',
1 verbose cli   'build' ]
2 info using npm@2.15.5
3 info using node@v4.4.5
4 verbose stack Error: missing script: build
4 verbose stack     at run (/Users/xtong/.nvm/versions/node/v4.4.5/lib/node_modules/npm/lib/run-script.js:142:19)
4 verbose stack     at /Users/xtong/.nvm/versions/node/v4.4.5/lib/node_modules/npm/lib/run-script.js:58:5
4 verbose stack     at /Users/xtong/.nvm/versions/node/v4.4.5/lib/node_modules/npm/node_modules/read-package-json/read-json.js:356:5
4 verbose stack     at checkBinReferences_ (/Users/xtong/.nvm/versions/node/v4.4.5/lib/node_modules/npm/node_modules/read-package-json/read-json.js:320:45)
4 verbose stack     at final (/Users/xtong/.nvm/versions/node/v4.4.5/lib/node_modules/npm/node_modules/read-package-json/read-json.js:354:3)
4 verbose stack     at then (/Users/xtong/.nvm/versions/node/v4.4.5/lib/node_modules/npm/node_modules/read-package-json/read-json.js:124:5)
4 verbose stack     at ReadFileContext.<anonymous> (/Users/xtong/.nvm/versions/node/v4.4.5/lib/node_modules/npm/node_modules/read-package-json/read-json.js:295:20)
4 verbose stack     at ReadFileContext.callback (/Users/xtong/.nvm/versions/node/v4.4.5/lib/node_modules/npm/node_modules/graceful-fs/graceful-fs.js:78:16)
4 verbose stack     at FSReqWrap.readFileAfterOpen [as oncomplete] (fs.js:303:13)
5 verbose cwd /Users/xtong/WebstormProjects/todo-list
6 error Darwin 15.6.0
7 error argv "/Users/xtong/.nvm/versions/node/v4.4.5/bin/node" "/Users/xtong/.nvm/versions/node/v4.4.5/bin/npm" "run" "build"
8 error node v4.4.5
9 error npm  v2.15.5
10 error missing script: build
11 error If you need help, you may report this error at:
11 error     <https://github.com/npm/npm/issues>
12 verbose exit [ 1, true ]
